# JRE version: OpenJDK Runtime Environment Microsoft-7208460 (11.0.18+10) (build 11.0.18+10-LTS)
# Java VM: OpenJDK 64-Bit Server VM Microsoft-7208460 (11.0.18+10-LTS, mixed mode, tiered, compressed oops, g1 gc, windows-amd64)
Heap:
 garbage-first heap   total 129024K, used 74001K [0x0000000080000000, 0x0000000100000000)
  region size 1024K, 5 young (5120K), 1 survivors (1024K)
 Metaspace       used 84010K, capacity 86334K, committed 86612K, reserved 591872K
  class space    used 10798K, capacity 11789K, committed 11852K, reserved 516096K
GC Heap History (20 events):
Event: 742.531 GC heap before
{Heap before GC invocations=19 (full 0):
 garbage-first heap   total 129024K, used 101642K [0x0000000080000000, 0x0000000100000000)
  region size 1024K, 59 young (60416K), 4 survivors (4096K)
 Metaspace       used 66416K, capacity 68328K, committed 68692K, reserved 575488K
  class space    used 8643K, capacity 9422K, committed 9548K, reserved 516096K
}
Event: 742.768 GC heap after
{Heap after GC invocations=20 (full 0):
 garbage-first heap   total 129024K, used 46612K [0x0000000080000000, 0x0000000100000000)
  region size 1024K, 6 young (6144K), 6 survivors (6144K)
 Metaspace       used 66416K, capacity 68328K, committed 68692K, reserved 575488K
  class space    used 8643K, capacity 9422K, committed 9548K, reserved 516096K
}
Event: 782.572 GC heap before
{Heap before GC invocations=20 (full 0):
 garbage-first heap   total 129024K, used 94740K [0x0000000080000000, 0x0000000100000000)
  region size 1024K, 54 young (55296K), 6 survivors (6144K)
 Metaspace       used 68465K, capacity 70569K, committed 70740K, reserved 577536K
  class space    used 8927K, capacity 9795K, committed 9804K, reserved 516096K
}
Event: 782.602 GC heap after
{Heap after GC invocations=21 (full 0):
 garbage-first heap   total 129024K, used 48580K [0x0000000080000000, 0x0000000100000000)
  region size 1024K, 4 young (4096K), 4 survivors (4096K)
 Metaspace       used 68465K, capacity 70569K, committed 70740K, reserved 577536K
  class space    used 8927K, capacity 9795K, committed 9804K, reserved 516096K
}
Event: 790.615 GC heap before
{Heap before GC invocations=21 (full 0):
 garbage-first heap   total 129024K, used 102852K [0x0000000080000000, 0x0000000100000000)
  region size 1024K, 58 young (59392K), 4 survivors (4096K)
 Metaspace       used 71136K, capacity 73187K, committed 73428K, reserved 579584K
  class space    used 9250K, capacity 10130K, committed 10188K, reserved 516096K
}
Event: 790.626 GC heap after
{Heap after GC invocations=22 (full 0):
 garbage-first heap   total 129024K, used 52315K [0x0000000080000000, 0x0000000100000000)
  region size 1024K, 7 young (7168K), 7 survivors (7168K)
 Metaspace       used 71136K, capacity 73187K, committed 73428K, reserved 579584K
  class space    used 9250K, capacity 10130K, committed 10188K, reserved 516096K
}
Event: 809.584 GC heap before
{Heap before GC invocations=22 (full 0):
 garbage-first heap   total 129024K, used 106587K [0x0000000080000000, 0x0000000100000000)
  region size 1024K, 58 young (59392K), 7 survivors (7168K)
 Metaspace       used 76142K, capacity 78372K, committed 78548K, reserved 585728K
  class space    used 9773K, capacity 10680K, committed 10700K, reserved 516096K
}
Event: 809.659 GC heap after
{Heap after GC invocations=23 (full 0):
 garbage-first heap   total 129024K, used 59592K [0x0000000080000000, 0x0000000100000000)
  region size 1024K, 8 young (8192K), 8 survivors (8192K)
 Metaspace       used 76142K, capacity 78372K, committed 78548K, reserved 585728K
  class space    used 9773K, capacity 10680K, committed 10700K, reserved 516096K
}
Event: 816.402 GC heap before
{Heap before GC invocations=23 (full 0):
 garbage-first heap   total 129024K, used 89288K [0x0000000080000000, 0x0000000100000000)
  region size 1024K, 32 young (32768K), 8 survivors (8192K)
 Metaspace       used 78709K, capacity 80955K, committed 81236K, reserved 587776K
  class space    used 10067K, capacity 11010K, committed 11084K, reserved 516096K
}
Event: 816.517 GC heap after
{Heap after GC invocations=24 (full 0):
 garbage-first heap   total 129024K, used 68519K [0x0000000080000000, 0x0000000100000000)
  region size 1024K, 5 young (5120K), 5 survivors (5120K)
 Metaspace       used 78709K, capacity 80955K, committed 81236K, reserved 587776K
  class space    used 10067K, capacity 11010K, committed 11084K, reserved 516096K
}
Event: 822.439 GC heap before
{Heap before GC invocations=25 (full 0):
 garbage-first heap   total 129024K, used 99239K [0x0000000080000000, 0x0000000100000000)
  region size 1024K, 34 young (34816K), 5 survivors (5120K)
 Metaspace       used 81033K, capacity 83317K, committed 83540K, reserved 589824K
  class space    used 10367K, capacity 11301K, committed 11340K, reserved 516096K
}
Event: 822.467 GC heap after
{Heap after GC invocations=26 (full 0):
 garbage-first heap   total 129024K, used 65879K [0x0000000080000000, 0x0000000100000000)
  region size 1024K, 3 young (3072K), 3 survivors (3072K)
 Metaspace       used 81033K, capacity 83317K, committed 83540K, reserved 589824K
  class space    used 10367K, capacity 11301K, committed 11340K, reserved 516096K
}
Event: 824.365 GC heap before
{Heap before GC invocations=26 (full 0):
 garbage-first heap   total 129024K, used 83287K [0x0000000080000000, 0x0000000100000000)
  region size 1024K, 21 young (21504K), 3 survivors (3072K)
 Metaspace       used 82686K, capacity 84974K, committed 85076K, reserved 589824K
  class space    used 10599K, capacity 11532K, committed 11596K, reserved 516096K
}
Event: 824.425 GC heap after
{Heap after GC invocations=27 (full 0):
 garbage-first heap   total 129024K, used 66632K [0x0000000080000000, 0x0000000100000000)
  region size 1024K, 4 young (4096K), 4 survivors (4096K)
 Metaspace       used 82686K, capacity 84974K, committed 85076K, reserved 589824K
  class space    used 10599K, capacity 11532K, committed 11596K, reserved 516096K
}
Event: 826.575 GC heap before
{Heap before GC invocations=28 (full 0):
 garbage-first heap   total 129024K, used 99400K [0x0000000080000000, 0x0000000100000000)
  region size 1024K, 35 young (35840K), 4 survivors (4096K)
 Metaspace       used 83839K, capacity 86243K, committed 86356K, reserved 591872K
  class space    used 10784K, capacity 11780K, committed 11852K, reserved 516096K
}
Event: 826.610 GC heap after
{Heap after GC invocations=29 (full 0):
 garbage-first heap   total 129024K, used 68674K [0x0000000080000000, 0x0000000100000000)
  region size 1024K, 4 young (4096K), 4 survivors (4096K)
 Metaspace       used 83839K, capacity 86243K, committed 86356K, reserved 591872K
  class space    used 10784K, capacity 11780K, committed 11852K, reserved 516096K
}
Event: 1015.537 GC heap before
{Heap before GC invocations=29 (full 0):
 garbage-first heap   total 129024K, used 99394K [0x0000000080000000, 0x0000000100000000)
  region size 1024K, 35 young (35840K), 4 survivors (4096K)
 Metaspace       used 83993K, capacity 86333K, committed 86612K, reserved 591872K
  class space    used 10798K, capacity 11789K, committed 11852K, reserved 516096K
}
Event: 1020.261 GC heap after
{Heap after GC invocations=30 (full 0):
 garbage-first heap   total 129024K, used 70637K [0x0000000080000000, 0x0000000100000000)
  region size 1024K, 5 young (5120K), 5 survivors (5120K)
 Metaspace       used 83993K, capacity 86333K, committed 86612K, reserved 591872K
  class space    used 10798K, capacity 11789K, committed 11852K, reserved 516096K
}
Event: 1051.511 GC heap before
{Heap before GC invocations=31 (full 0):
 garbage-first heap   total 129024K, used 71661K [0x0000000080000000, 0x0000000100000000)
  region size 1024K, 6 young (6144K), 5 survivors (5120K)
 Metaspace       used 83995K, capacity 86333K, committed 86612K, reserved 591872K
  class space    used 10798K, capacity 11789K, committed 11852K, reserved 516096K
}
Event: 1052.011 GC heap after
{Heap after GC invocations=32 (full 0):
 garbage-first heap   total 129024K, used 70929K [0x0000000080000000, 0x0000000100000000)
  region size 1024K, 1 young (1024K), 1 survivors (1024K)
 Metaspace       used 83995K, capacity 86333K, committed 86612K, reserved 591872K
  class space    used 10798K, capacity 11789K, committed 11852K, reserved 516096K
}

