# JRE version: OpenJDK Runtime Environment Microsoft-7208460 (11.0.18+10) (build 11.0.18+10-LTS)
# Java VM: OpenJDK 64-Bit Server VM Microsoft-7208460 (11.0.18+10-LTS, mixed mode, tiered, compressed oops, g1 gc, windows-amd64)
Heap:
 garbage-first heap   total 278528K, used 204072K [0x0000000080000000, 0x0000000100000000)
  region size 1024K, 31 young (31744K), 7 survivors (7168K)
 Metaspace       used 113208K, capacity 117743K, committed 118052K, reserved 618496K
  class space    used 14747K, capacity 16452K, committed 16536K, reserved 516096K
GC Heap History (20 events):
Event: 1092.950 GC heap before
{Heap before GC invocations=79 (full 0):
 garbage-first heap   total 278528K, used 146312K [0x0000000080000000, 0x0000000100000000)
  region size 1024K, 22 young (22528K), 2 survivors (2048K)
 Metaspace       used 96785K, capacity 100157K, committed 100516K, reserved 604160K
  class space    used 12645K, capacity 13959K, committed 14104K, reserved 516096K
}
Event: 1093.128 GC heap after
{Heap after GC invocations=80 (full 0):
 garbage-first heap   total 278528K, used 128293K [0x0000000080000000, 0x0000000100000000)
  region size 1024K, 3 young (3072K), 3 survivors (3072K)
 Metaspace       used 96785K, capacity 100157K, committed 100516K, reserved 604160K
  class space    used 12645K, capacity 13959K, committed 14104K, reserved 516096K
}
Event: 1094.752 GC heap before
{Heap before GC invocations=81 (full 0):
 garbage-first heap   total 278528K, used 157989K [0x0000000080000000, 0x0000000100000000)
  region size 1024K, 30 young (30720K), 3 survivors (3072K)
 Metaspace       used 97416K, capacity 100937K, committed 101156K, reserved 604160K
  class space    used 12759K, capacity 14133K, committed 14232K, reserved 516096K
}
Event: 1094.762 GC heap after
{Heap after GC invocations=82 (full 0):
 garbage-first heap   total 278528K, used 133680K [0x0000000080000000, 0x0000000100000000)
  region size 1024K, 4 young (4096K), 4 survivors (4096K)
 Metaspace       used 97416K, capacity 100937K, committed 101156K, reserved 604160K
  class space    used 12759K, capacity 14133K, committed 14232K, reserved 516096K
}
Event: 1097.838 GC heap before
{Heap before GC invocations=82 (full 0):
 garbage-first heap   total 278528K, used 174640K [0x0000000080000000, 0x0000000100000000)
  region size 1024K, 44 young (45056K), 4 survivors (4096K)
 Metaspace       used 99842K, capacity 103533K, committed 103844K, reserved 606208K
  class space    used 13069K, capacity 14507K, committed 14616K, reserved 516096K
}
Event: 1097.860 GC heap after
{Heap after GC invocations=83 (full 0):
 garbage-first heap   total 278528K, used 137299K [0x0000000080000000, 0x0000000100000000)
  region size 1024K, 4 young (4096K), 4 survivors (4096K)
 Metaspace       used 99842K, capacity 103533K, committed 103844K, reserved 606208K
  class space    used 13069K, capacity 14507K, committed 14616K, reserved 516096K
}
Event: 1103.090 GC heap before
{Heap before GC invocations=84 (full 0):
 garbage-first heap   total 278528K, used 156755K [0x0000000080000000, 0x0000000100000000)
  region size 1024K, 24 young (24576K), 4 survivors (4096K)
 Metaspace       used 100207K, capacity 103944K, committed 104100K, reserved 606208K
  class space    used 13121K, capacity 14591K, committed 14616K, reserved 516096K
}
Event: 1103.100 GC heap after
{Heap after GC invocations=85 (full 0):
 garbage-first heap   total 278528K, used 139070K [0x0000000080000000, 0x0000000100000000)
  region size 1024K, 5 young (5120K), 5 survivors (5120K)
 Metaspace       used 100207K, capacity 103944K, committed 104100K, reserved 606208K
  class space    used 13121K, capacity 14591K, committed 14616K, reserved 516096K
}
Event: 1116.318 GC heap before
{Heap before GC invocations=86 (full 0):
 garbage-first heap   total 278528K, used 205630K [0x0000000080000000, 0x0000000100000000)
  region size 1024K, 66 young (67584K), 5 survivors (5120K)
 Metaspace       used 102379K, capacity 106377K, committed 106532K, reserved 608256K
  class space    used 13396K, capacity 14948K, committed 15000K, reserved 516096K
}
Event: 1116.343 GC heap after
{Heap after GC invocations=87 (full 0):
 garbage-first heap   total 278528K, used 147467K [0x0000000080000000, 0x0000000100000000)
  region size 1024K, 7 young (7168K), 7 survivors (7168K)
 Metaspace       used 102379K, capacity 106377K, committed 106532K, reserved 608256K
  class space    used 13396K, capacity 14948K, committed 15000K, reserved 516096K
}
Event: 1117.079 GC heap before
{Heap before GC invocations=87 (full 0):
 garbage-first heap   total 278528K, used 149515K [0x0000000080000000, 0x0000000100000000)
  region size 1024K, 11 young (11264K), 7 survivors (7168K)
 Metaspace       used 102396K, capacity 106393K, committed 106532K, reserved 608256K
  class space    used 13398K, capacity 14951K, committed 15000K, reserved 516096K
}
Event: 1117.099 GC heap after
{Heap after GC invocations=88 (full 0):
 garbage-first heap   total 278528K, used 149530K [0x0000000080000000, 0x0000000100000000)
  region size 1024K, 7 young (7168K), 7 survivors (7168K)
 Metaspace       used 102396K, capacity 106393K, committed 106532K, reserved 608256K
  class space    used 13398K, capacity 14951K, committed 15000K, reserved 516096K
}
Event: 1130.429 GC heap before
{Heap before GC invocations=89 (full 0):
 garbage-first heap   total 278528K, used 215066K [0x0000000080000000, 0x0000000100000000)
  region size 1024K, 70 young (71680K), 7 survivors (7168K)
 Metaspace       used 104964K, capacity 109184K, committed 109220K, reserved 610304K
  class space    used 13728K, capacity 15371K, committed 15384K, reserved 516096K
}
Event: 1130.449 GC heap after
{Heap after GC invocations=90 (full 0):
 garbage-first heap   total 278528K, used 159530K [0x0000000080000000, 0x0000000100000000)
  region size 1024K, 9 young (9216K), 9 survivors (9216K)
 Metaspace       used 104964K, capacity 109184K, committed 109220K, reserved 610304K
  class space    used 13728K, capacity 15371K, committed 15384K, reserved 516096K
}
Event: 1141.966 GC heap before
{Heap before GC invocations=90 (full 0):
 garbage-first heap   total 278528K, used 219946K [0x0000000080000000, 0x0000000100000000)
  region size 1024K, 68 young (69632K), 9 survivors (9216K)
 Metaspace       used 110642K, capacity 114949K, committed 115236K, reserved 616448K
  class space    used 14490K, capacity 16182K, committed 16280K, reserved 516096K
}
Event: 1142.020 GC heap after
{Heap after GC invocations=91 (full 0):
 garbage-first heap   total 278528K, used 164401K [0x0000000080000000, 0x0000000100000000)
  region size 1024K, 5 young (5120K), 5 survivors (5120K)
 Metaspace       used 110642K, capacity 114949K, committed 115236K, reserved 616448K
  class space    used 14490K, capacity 16182K, committed 16280K, reserved 516096K
}
Event: 1146.385 GC heap before
{Heap before GC invocations=92 (full 0):
 garbage-first heap   total 278528K, used 223793K [0x0000000080000000, 0x0000000100000000)
  region size 1024K, 63 young (64512K), 5 survivors (5120K)
 Metaspace       used 112160K, capacity 116654K, committed 116900K, reserved 618496K
  class space    used 14660K, capacity 16376K, committed 16408K, reserved 516096K
}
Event: 1146.422 GC heap after
{Heap after GC invocations=93 (full 0):
 garbage-first heap   total 278528K, used 173056K [0x0000000080000000, 0x0000000100000000)
  region size 1024K, 8 young (8192K), 8 survivors (8192K)
 Metaspace       used 112160K, capacity 116654K, committed 116900K, reserved 618496K
  class space    used 14660K, capacity 16376K, committed 16408K, reserved 516096K
}
Event: 1148.751 GC heap before
{Heap before GC invocations=93 (full 0):
 garbage-first heap   total 278528K, used 227328K [0x0000000080000000, 0x0000000100000000)
  region size 1024K, 61 young (62464K), 8 survivors (8192K)
 Metaspace       used 112507K, capacity 117128K, committed 117412K, reserved 618496K
  class space    used 14678K, capacity 16379K, committed 16408K, reserved 516096K
}
Event: 1148.801 GC heap after
{Heap after GC invocations=94 (full 0):
 garbage-first heap   total 278528K, used 180520K [0x0000000080000000, 0x0000000100000000)
  region size 1024K, 7 young (7168K), 7 survivors (7168K)
 Metaspace       used 112507K, capacity 117128K, committed 117412K, reserved 618496K
  class space    used 14678K, capacity 16379K, committed 16408K, reserved 516096K
}

