# JRE version: OpenJDK Runtime Environment Microsoft-7208460 (11.0.18+10) (build 11.0.18+10-LTS)
# Java VM: OpenJDK 64-Bit Server VM Microsoft-7208460 (11.0.18+10-LTS, mixed mode, tiered, compressed oops, g1 gc, windows-amd64)
Heap:
 garbage-first heap   total 204800K, used 183007K [0x0000000080000000, 0x0000000100000000)
  region size 1024K, 6 young (6144K), 1 survivors (1024K)
 Metaspace       used 112480K, capacity 116969K, committed 117076K, reserved 618496K
  class space    used 14680K, capacity 16379K, committed 16460K, reserved 516096K
GC Heap History (20 events):
Event: 1149.444 GC heap before
{Heap before GC invocations=147 (full 0):
 garbage-first heap   total 204800K, used 177618K [0x0000000080000000, 0x0000000100000000)
  region size 1024K, 10 young (10240K), 2 survivors (2048K)
 Metaspace       used 111714K, capacity 116172K, committed 116436K, reserved 616448K
  class space    used 14611K, capacity 16298K, committed 16332K, reserved 516096K
}
Event: 1149.458 GC heap after
{Heap after GC invocations=148 (full 0):
 garbage-first heap   total 204800K, used 170973K [0x0000000080000000, 0x0000000100000000)
  region size 1024K, 2 young (2048K), 2 survivors (2048K)
 Metaspace       used 111714K, capacity 116172K, committed 116436K, reserved 616448K
  class space    used 14611K, capacity 16298K, committed 16332K, reserved 516096K
}
Event: 1151.014 GC heap before
{Heap before GC invocations=148 (full 0):
 garbage-first heap   total 204800K, used 179165K [0x0000000080000000, 0x0000000100000000)
  region size 1024K, 10 young (10240K), 2 survivors (2048K)
 Metaspace       used 111761K, capacity 116237K, committed 116436K, reserved 616448K
  class space    used 14616K, capacity 16298K, committed 16332K, reserved 516096K
}
Event: 1151.019 GC heap after
{Heap after GC invocations=149 (full 0):
 garbage-first heap   total 204800K, used 171574K [0x0000000080000000, 0x0000000100000000)
  region size 1024K, 1 young (1024K), 1 survivors (1024K)
 Metaspace       used 111761K, capacity 116237K, committed 116436K, reserved 616448K
  class space    used 14616K, capacity 16298K, committed 16332K, reserved 516096K
}
Event: 1151.537 GC heap before
{Heap before GC invocations=150 (full 0):
 garbage-first heap   total 204800K, used 179766K [0x0000000080000000, 0x0000000100000000)
  region size 1024K, 10 young (10240K), 1 survivors (1024K)
 Metaspace       used 111972K, capacity 116443K, committed 116820K, reserved 618496K
  class space    used 14639K, capacity 16338K, committed 16460K, reserved 516096K
}
Event: 1151.542 GC heap after
{Heap after GC invocations=151 (full 0):
 garbage-first heap   total 204800K, used 172686K [0x0000000080000000, 0x0000000100000000)
  region size 1024K, 2 young (2048K), 2 survivors (2048K)
 Metaspace       used 111972K, capacity 116443K, committed 116820K, reserved 618496K
  class space    used 14639K, capacity 16338K, committed 16460K, reserved 516096K
}
Event: 1152.486 GC heap before
{Heap before GC invocations=151 (full 0):
 garbage-first heap   total 204800K, used 180878K [0x0000000080000000, 0x0000000100000000)
  region size 1024K, 10 young (10240K), 2 survivors (2048K)
 Metaspace       used 112134K, capacity 116627K, committed 116820K, reserved 618496K
  class space    used 14659K, capacity 16376K, committed 16460K, reserved 516096K
}
Event: 1152.511 GC heap after
{Heap after GC invocations=152 (full 0):
 garbage-first heap   total 204800K, used 173868K [0x0000000080000000, 0x0000000100000000)
  region size 1024K, 2 young (2048K), 2 survivors (2048K)
 Metaspace       used 112134K, capacity 116627K, committed 116820K, reserved 618496K
  class space    used 14659K, capacity 16376K, committed 16460K, reserved 516096K
}
Event: 1152.944 GC heap before
{Heap before GC invocations=152 (full 0):
 garbage-first heap   total 204800K, used 182060K [0x0000000080000000, 0x0000000100000000)
  region size 1024K, 10 young (10240K), 2 survivors (2048K)
 Metaspace       used 112171K, capacity 116628K, committed 116820K, reserved 618496K
  class space    used 14659K, capacity 16376K, committed 16460K, reserved 516096K
}
Event: 1152.953 GC heap after
{Heap after GC invocations=153 (full 0):
 garbage-first heap   total 204800K, used 174725K [0x0000000080000000, 0x0000000100000000)
  region size 1024K, 2 young (2048K), 2 survivors (2048K)
 Metaspace       used 112171K, capacity 116628K, committed 116820K, reserved 618496K
  class space    used 14659K, capacity 16376K, committed 16460K, reserved 516096K
}
Event: 1153.176 GC heap before
{Heap before GC invocations=154 (full 0):
 garbage-first heap   total 204800K, used 182917K [0x0000000080000000, 0x0000000100000000)
  region size 1024K, 10 young (10240K), 2 survivors (2048K)
 Metaspace       used 112219K, capacity 116700K, committed 116820K, reserved 618496K
  class space    used 14660K, capacity 16377K, committed 16460K, reserved 516096K
}
Event: 1153.182 GC heap after
{Heap after GC invocations=155 (full 0):
 garbage-first heap   total 204800K, used 176011K [0x0000000080000000, 0x0000000100000000)
  region size 1024K, 2 young (2048K), 2 survivors (2048K)
 Metaspace       used 112219K, capacity 116700K, committed 116820K, reserved 618496K
  class space    used 14660K, capacity 16377K, committed 16460K, reserved 516096K
}
Event: 1153.385 GC heap before
{Heap before GC invocations=155 (full 0):
 garbage-first heap   total 204800K, used 184203K [0x0000000080000000, 0x0000000100000000)
  region size 1024K, 10 young (10240K), 2 survivors (2048K)
 Metaspace       used 112233K, capacity 116700K, committed 116820K, reserved 618496K
  class space    used 14660K, capacity 16377K, committed 16460K, reserved 516096K
}
Event: 1153.391 GC heap after
{Heap after GC invocations=156 (full 0):
 garbage-first heap   total 204800K, used 175959K [0x0000000080000000, 0x0000000100000000)
  region size 1024K, 2 young (2048K), 2 survivors (2048K)
 Metaspace       used 112233K, capacity 116700K, committed 116820K, reserved 618496K
  class space    used 14660K, capacity 16377K, committed 16460K, reserved 516096K
}
Event: 1154.189 GC heap before
{Heap before GC invocations=156 (full 0):
 garbage-first heap   total 204800K, used 184151K [0x0000000080000000, 0x0000000100000000)
  region size 1024K, 10 young (10240K), 2 survivors (2048K)
 Metaspace       used 112268K, capacity 116768K, committed 117076K, reserved 618496K
  class space    used 14661K, capacity 16378K, committed 16460K, reserved 516096K
}
Event: 1154.196 GC heap after
{Heap after GC invocations=157 (full 0):
 garbage-first heap   total 204800K, used 177426K [0x0000000080000000, 0x0000000100000000)
  region size 1024K, 2 young (2048K), 2 survivors (2048K)
 Metaspace       used 112268K, capacity 116768K, committed 117076K, reserved 618496K
  class space    used 14661K, capacity 16378K, committed 16460K, reserved 516096K
}
Event: 1154.628 GC heap before
{Heap before GC invocations=157 (full 0):
 garbage-first heap   total 204800K, used 185618K [0x0000000080000000, 0x0000000100000000)
  region size 1024K, 10 young (10240K), 2 survivors (2048K)
 Metaspace       used 112287K, capacity 116770K, committed 117076K, reserved 618496K
  class space    used 14661K, capacity 16378K, committed 16460K, reserved 516096K
}
Event: 1154.633 GC heap after
{Heap after GC invocations=158 (full 0):
 garbage-first heap   total 204800K, used 177981K [0x0000000080000000, 0x0000000100000000)
  region size 1024K, 2 young (2048K), 2 survivors (2048K)
 Metaspace       used 112287K, capacity 116770K, committed 117076K, reserved 618496K
  class space    used 14661K, capacity 16378K, committed 16460K, reserved 516096K
}
Event: 1154.863 GC heap before
{Heap before GC invocations=159 (full 0):
 garbage-first heap   total 204800K, used 186173K [0x0000000080000000, 0x0000000100000000)
  region size 1024K, 10 young (10240K), 2 survivors (2048K)
 Metaspace       used 112410K, capacity 116904K, committed 117076K, reserved 618496K
  class space    used 14673K, capacity 16379K, committed 16460K, reserved 516096K
}
Event: 1154.867 GC heap after
{Heap after GC invocations=160 (full 0):
 garbage-first heap   total 204800K, used 178911K [0x0000000080000000, 0x0000000100000000)
  region size 1024K, 1 young (1024K), 1 survivors (1024K)
 Metaspace       used 112410K, capacity 116904K, committed 117076K, reserved 618496K
  class space    used 14673K, capacity 16379K, committed 16460K, reserved 516096K
}

