# JRE version: OpenJDK Runtime Environment Microsoft-7208460 (11.0.18+10) (build 11.0.18+10-LTS)
# Java VM: OpenJDK 64-Bit Server VM Microsoft-7208460 (11.0.18+10-LTS, mixed mode, tiered, compressed oops, g1 gc, windows-amd64)
Heap:
 garbage-first heap   total 129024K, used 88182K [0x0000000080000000, 0x0000000100000000)
  region size 1024K, 20 young (20480K), 4 survivors (4096K)
 Metaspace       used 83963K, capacity 86271K, committed 86408K, reserved 591872K
  class space    used 10794K, capacity 11789K, committed 11904K, reserved 516096K
GC Heap History (20 events):
Event: 597.775 GC heap before
{Heap before GC invocations=17 (full 0):
 garbage-first heap   total 129024K, used 103464K [0x0000000080000000, 0x0000000100000000)
  region size 1024K, 62 young (63488K), 4 survivors (4096K)
 Metaspace       used 65645K, capacity 67630K, committed 67848K, reserved 575488K
  class space    used 8558K, capacity 9349K, committed 9472K, reserved 516096K
}
Event: 597.801 GC heap after
{Heap after GC invocations=18 (full 0):
 garbage-first heap   total 129024K, used 49369K [0x0000000080000000, 0x0000000100000000)
  region size 1024K, 8 young (8192K), 8 survivors (8192K)
 Metaspace       used 65645K, capacity 67630K, committed 67848K, reserved 575488K
  class space    used 8558K, capacity 9349K, committed 9472K, reserved 516096K
}
Event: 724.104 GC heap before
{Heap before GC invocations=18 (full 0):
 garbage-first heap   total 129024K, used 103641K [0x0000000080000000, 0x0000000100000000)
  region size 1024K, 61 young (62464K), 8 survivors (8192K)
 Metaspace       used 66428K, capacity 68413K, committed 68616K, reserved 575488K
  class space    used 8647K, capacity 9431K, committed 9472K, reserved 516096K
}
Event: 724.324 GC heap after
{Heap after GC invocations=19 (full 0):
 garbage-first heap   total 129024K, used 48976K [0x0000000080000000, 0x0000000100000000)
  region size 1024K, 2 young (2048K), 2 survivors (2048K)
 Metaspace       used 66428K, capacity 68413K, committed 68616K, reserved 575488K
  class space    used 8647K, capacity 9431K, committed 9472K, reserved 516096K
}
Event: 770.369 GC heap before
{Heap before GC invocations=19 (full 0):
 garbage-first heap   total 129024K, used 104272K [0x0000000080000000, 0x0000000100000000)
  region size 1024K, 57 young (58368K), 2 survivors (2048K)
 Metaspace       used 69071K, capacity 71105K, committed 71432K, reserved 579584K
  class space    used 8998K, capacity 9869K, committed 9984K, reserved 516096K
}
Event: 770.382 GC heap after
{Heap after GC invocations=20 (full 0):
 garbage-first heap   total 129024K, used 51787K [0x0000000080000000, 0x0000000100000000)
  region size 1024K, 5 young (5120K), 5 survivors (5120K)
 Metaspace       used 69071K, capacity 71105K, committed 71432K, reserved 579584K
  class space    used 8998K, capacity 9869K, committed 9984K, reserved 516096K
}
Event: 786.186 GC heap before
{Heap before GC invocations=20 (full 0):
 garbage-first heap   total 129024K, used 105035K [0x0000000080000000, 0x0000000100000000)
  region size 1024K, 57 young (58368K), 5 survivors (5120K)
 Metaspace       used 71224K, capacity 73437K, committed 73736K, reserved 581632K
  class space    used 9265K, capacity 10151K, committed 10240K, reserved 516096K
}
Event: 786.221 GC heap after
{Heap after GC invocations=21 (full 0):
 garbage-first heap   total 129024K, used 55709K [0x0000000080000000, 0x0000000100000000)
  region size 1024K, 7 young (7168K), 7 survivors (7168K)
 Metaspace       used 71224K, capacity 73437K, committed 73736K, reserved 581632K
  class space    used 9265K, capacity 10151K, committed 10240K, reserved 516096K
}
Event: 790.295 GC heap before
{Heap before GC invocations=21 (full 0):
 garbage-first heap   total 129024K, used 106909K [0x0000000080000000, 0x0000000100000000)
  region size 1024K, 56 young (57344K), 7 survivors (7168K)
 Metaspace       used 77062K, capacity 79343K, committed 79496K, reserved 585728K
  class space    used 9898K, capacity 10859K, committed 10880K, reserved 516096K
}
Event: 790.328 GC heap after
{Heap after GC invocations=22 (full 0):
 garbage-first heap   total 129024K, used 62320K [0x0000000080000000, 0x0000000100000000)
  region size 1024K, 7 young (7168K), 7 survivors (7168K)
 Metaspace       used 77062K, capacity 79343K, committed 79496K, reserved 585728K
  class space    used 9898K, capacity 10859K, committed 10880K, reserved 516096K
}
Event: 791.252 GC heap before
{Heap before GC invocations=22 (full 0):
 garbage-first heap   total 129024K, used 75632K [0x0000000080000000, 0x0000000100000000)
  region size 1024K, 18 young (18432K), 7 survivors (7168K)
 Metaspace       used 78704K, capacity 81042K, committed 81288K, reserved 587776K
  class space    used 10074K, capacity 11020K, committed 11136K, reserved 516096K
}
Event: 791.346 GC heap after
{Heap after GC invocations=23 (full 0):
 garbage-first heap   total 129024K, used 68031K [0x0000000080000000, 0x0000000100000000)
  region size 1024K, 3 young (3072K), 3 survivors (3072K)
 Metaspace       used 78704K, capacity 81042K, committed 81288K, reserved 587776K
  class space    used 10074K, capacity 11020K, committed 11136K, reserved 516096K
}
Event: 793.235 GC heap before
{Heap before GC invocations=24 (full 0):
 garbage-first heap   total 129024K, used 97727K [0x0000000080000000, 0x0000000100000000)
  region size 1024K, 28 young (28672K), 3 survivors (3072K)
 Metaspace       used 80279K, capacity 82500K, committed 82696K, reserved 587776K
  class space    used 10284K, capacity 11202K, committed 11264K, reserved 516096K
}
Event: 793.242 GC heap after
{Heap after GC invocations=25 (full 0):
 garbage-first heap   total 129024K, used 67746K [0x0000000080000000, 0x0000000100000000)
  region size 1024K, 2 young (2048K), 2 survivors (2048K)
 Metaspace       used 80279K, capacity 82500K, committed 82696K, reserved 587776K
  class space    used 10284K, capacity 11202K, committed 11264K, reserved 516096K
}
Event: 794.297 GC heap before
{Heap before GC invocations=25 (full 0):
 garbage-first heap   total 129024K, used 93346K [0x0000000080000000, 0x0000000100000000)
  region size 1024K, 28 young (28672K), 2 survivors (2048K)
 Metaspace       used 82548K, capacity 84815K, committed 85000K, reserved 589824K
  class space    used 10582K, capacity 11500K, committed 11520K, reserved 516096K
}
Event: 794.305 GC heap after
{Heap after GC invocations=26 (full 0):
 garbage-first heap   total 129024K, used 68903K [0x0000000080000000, 0x0000000100000000)
  region size 1024K, 3 young (3072K), 3 survivors (3072K)
 Metaspace       used 82548K, capacity 84815K, committed 85000K, reserved 589824K
  class space    used 10582K, capacity 11500K, committed 11520K, reserved 516096K
}
Event: 795.986 GC heap before
{Heap before GC invocations=27 (full 0):
 garbage-first heap   total 129024K, used 97575K [0x0000000080000000, 0x0000000100000000)
  region size 1024K, 30 young (30720K), 3 survivors (3072K)
 Metaspace       used 83779K, capacity 86211K, committed 86280K, reserved 591872K
  class space    used 10775K, capacity 11748K, committed 11776K, reserved 516096K
}
Event: 795.995 GC heap after
{Heap after GC invocations=28 (full 0):
 garbage-first heap   total 129024K, used 70551K [0x0000000080000000, 0x0000000100000000)
  region size 1024K, 3 young (3072K), 3 survivors (3072K)
 Metaspace       used 83779K, capacity 86211K, committed 86280K, reserved 591872K
  class space    used 10775K, capacity 11748K, committed 11776K, reserved 516096K
}
Event: 796.349 GC heap before
{Heap before GC invocations=28 (full 0):
 garbage-first heap   total 129024K, used 98199K [0x0000000080000000, 0x0000000100000000)
  region size 1024K, 30 young (30720K), 3 survivors (3072K)
 Metaspace       used 83909K, capacity 86259K, committed 86408K, reserved 591872K
  class space    used 10789K, capacity 11786K, committed 11904K, reserved 516096K
}
Event: 796.357 GC heap after
{Heap after GC invocations=29 (full 0):
 garbage-first heap   total 129024K, used 72822K [0x0000000080000000, 0x0000000100000000)
  region size 1024K, 4 young (4096K), 4 survivors (4096K)
 Metaspace       used 83909K, capacity 86259K, committed 86408K, reserved 591872K
  class space    used 10789K, capacity 11786K, committed 11904K, reserved 516096K
}

