# JRE version: OpenJDK Runtime Environment Microsoft-7208460 (11.0.18+10) (build 11.0.18+10-LTS)
# Java VM: OpenJDK 64-Bit Server VM Microsoft-7208460 (11.0.18+10-LTS, mixed mode, tiered, compressed oops, g1 gc, windows-amd64)
Heap:
 garbage-first heap   total 253952K, used 184544K [0x0000000080000000, 0x0000000100000000)
  region size 1024K, 2 young (2048K), 2 survivors (2048K)
 Metaspace       used 114887K, capacity 119399K, committed 119688K, reserved 620544K
  class space    used 14955K, capacity 16725K, committed 16768K, reserved 516096K
GC Heap History (20 events):
Event: 1166.201 GC heap after
{Heap after GC invocations=125 (full 0):
 garbage-first heap   total 210944K, used 179249K [0x0000000080000000, 0x0000000100000000)
  region size 1024K, 2 young (2048K), 2 survivors (2048K)
 Metaspace       used 112196K, capacity 116702K, committed 116744K, reserved 618496K
  class space    used 14655K, capacity 16378K, committed 16384K, reserved 516096K
}
Event: 1166.349 GC heap before
{Heap before GC invocations=125 (full 0):
 garbage-first heap   total 210944K, used 187441K [0x0000000080000000, 0x0000000100000000)
  region size 1024K, 10 young (10240K), 2 survivors (2048K)
 Metaspace       used 112233K, capacity 116766K, committed 117000K, reserved 618496K
  class space    used 14655K, capacity 16378K, committed 16384K, reserved 516096K
}
Event: 1166.363 GC heap after
{Heap after GC invocations=126 (full 0):
 garbage-first heap   total 210944K, used 177817K [0x0000000080000000, 0x0000000100000000)
  region size 1024K, 2 young (2048K), 2 survivors (2048K)
 Metaspace       used 112233K, capacity 116766K, committed 117000K, reserved 618496K
  class space    used 14655K, capacity 16378K, committed 16384K, reserved 516096K
}
Event: 1166.595 GC heap before
{Heap before GC invocations=126 (full 0):
 garbage-first heap   total 210944K, used 186009K [0x0000000080000000, 0x0000000100000000)
  region size 1024K, 10 young (10240K), 2 survivors (2048K)
 Metaspace       used 112401K, capacity 116974K, committed 117000K, reserved 618496K
  class space    used 14676K, capacity 16381K, committed 16384K, reserved 516096K
}
Event: 1166.600 GC heap after
{Heap after GC invocations=127 (full 0):
 garbage-first heap   total 210944K, used 178787K [0x0000000080000000, 0x0000000100000000)
  region size 1024K, 2 young (2048K), 2 survivors (2048K)
 Metaspace       used 112401K, capacity 116974K, committed 117000K, reserved 618496K
  class space    used 14676K, capacity 16381K, committed 16384K, reserved 516096K
}
Event: 1166.787 GC heap before
{Heap before GC invocations=127 (full 0):
 garbage-first heap   total 210944K, used 186979K [0x0000000080000000, 0x0000000100000000)
  region size 1024K, 10 young (10240K), 2 survivors (2048K)
 Metaspace       used 112590K, capacity 117151K, committed 117384K, reserved 618496K
  class space    used 14695K, capacity 16418K, committed 16512K, reserved 516096K
}
Event: 1166.793 GC heap after
{Heap after GC invocations=128 (full 0):
 garbage-first heap   total 210944K, used 180179K [0x0000000080000000, 0x0000000100000000)
  region size 1024K, 2 young (2048K), 2 survivors (2048K)
 Metaspace       used 112590K, capacity 117151K, committed 117384K, reserved 618496K
  class space    used 14695K, capacity 16418K, committed 16512K, reserved 516096K
}
Event: 1166.950 GC heap before
{Heap before GC invocations=128 (full 0):
 garbage-first heap   total 210944K, used 188371K [0x0000000080000000, 0x0000000100000000)
  region size 1024K, 10 young (10240K), 2 survivors (2048K)
 Metaspace       used 112612K, capacity 117157K, committed 117384K, reserved 618496K
  class space    used 14696K, capacity 16419K, committed 16512K, reserved 516096K
}
Event: 1166.958 GC heap after
{Heap after GC invocations=129 (full 0):
 garbage-first heap   total 210944K, used 181189K [0x0000000080000000, 0x0000000100000000)
  region size 1024K, 2 young (2048K), 2 survivors (2048K)
 Metaspace       used 112612K, capacity 117157K, committed 117384K, reserved 618496K
  class space    used 14696K, capacity 16419K, committed 16512K, reserved 516096K
}
Event: 1167.632 GC heap before
{Heap before GC invocations=130 (full 0):
 garbage-first heap   total 210944K, used 189381K [0x0000000080000000, 0x0000000100000000)
  region size 1024K, 10 young (10240K), 2 survivors (2048K)
 Metaspace       used 113162K, capacity 117675K, committed 117896K, reserved 618496K
  class space    used 14755K, capacity 16484K, committed 16512K, reserved 516096K
}
Event: 1167.635 GC heap after
{Heap after GC invocations=131 (full 0):
 garbage-first heap   total 210944K, used 181457K [0x0000000080000000, 0x0000000100000000)
  region size 1024K, 2 young (2048K), 2 survivors (2048K)
 Metaspace       used 113162K, capacity 117675K, committed 117896K, reserved 618496K
  class space    used 14755K, capacity 16484K, committed 16512K, reserved 516096K
}
Event: 1167.921 GC heap before
{Heap before GC invocations=131 (full 0):
 garbage-first heap   total 210944K, used 189649K [0x0000000080000000, 0x0000000100000000)
  region size 1024K, 10 young (10240K), 2 survivors (2048K)
 Metaspace       used 113516K, capacity 117982K, committed 118280K, reserved 618496K
  class space    used 14787K, capacity 16519K, committed 16640K, reserved 516096K
}
Event: 1167.935 GC heap after
{Heap after GC invocations=132 (full 0):
 garbage-first heap   total 210944K, used 182029K [0x0000000080000000, 0x0000000100000000)
  region size 1024K, 2 young (2048K), 2 survivors (2048K)
 Metaspace       used 113516K, capacity 117982K, committed 118280K, reserved 618496K
  class space    used 14787K, capacity 16519K, committed 16640K, reserved 516096K
}
Event: 1168.387 GC heap before
{Heap before GC invocations=132 (full 0):
 garbage-first heap   total 210944K, used 190221K [0x0000000080000000, 0x0000000100000000)
  region size 1024K, 10 young (10240K), 2 survivors (2048K)
 Metaspace       used 114022K, capacity 118529K, committed 118792K, reserved 618496K
  class space    used 14858K, capacity 16615K, committed 16640K, reserved 516096K
}
Event: 1168.392 GC heap after
{Heap after GC invocations=133 (full 0):
 garbage-first heap   total 210944K, used 182306K [0x0000000080000000, 0x0000000100000000)
  region size 1024K, 2 young (2048K), 2 survivors (2048K)
 Metaspace       used 114022K, capacity 118529K, committed 118792K, reserved 618496K
  class space    used 14858K, capacity 16615K, committed 16640K, reserved 516096K
}
Event: 1168.866 GC heap before
{Heap before GC invocations=133 (full 0):
 garbage-first heap   total 210944K, used 190498K [0x0000000080000000, 0x0000000100000000)
  region size 1024K, 10 young (10240K), 2 survivors (2048K)
 Metaspace       used 114407K, capacity 118900K, committed 119176K, reserved 620544K
  class space    used 14894K, capacity 16650K, committed 16768K, reserved 516096K
}
Event: 1168.873 GC heap after
{Heap after GC invocations=134 (full 0):
 garbage-first heap   total 210944K, used 183183K [0x0000000080000000, 0x0000000100000000)
  region size 1024K, 2 young (2048K), 2 survivors (2048K)
 Metaspace       used 114407K, capacity 118900K, committed 119176K, reserved 620544K
  class space    used 14894K, capacity 16650K, committed 16768K, reserved 516096K
}
Event: 1169.155 GC heap before
{Heap before GC invocations=135 (full 0):
 garbage-first heap   total 210944K, used 191375K [0x0000000080000000, 0x0000000100000000)
  region size 1024K, 10 young (10240K), 2 survivors (2048K)
 Metaspace       used 114766K, capacity 119366K, committed 119432K, reserved 620544K
  class space    used 14944K, capacity 16717K, committed 16768K, reserved 516096K
}
Event: 1169.164 GC heap after
{Heap after GC invocations=136 (full 0):
 garbage-first heap   total 210944K, used 183554K [0x0000000080000000, 0x0000000100000000)
  region size 1024K, 2 young (2048K), 2 survivors (2048K)
 Metaspace       used 114766K, capacity 119366K, committed 119432K, reserved 620544K
  class space    used 14944K, capacity 16717K, committed 16768K, reserved 516096K
}
Event: 1169.382 GC heap before
{Heap before GC invocations=136 (full 0):
 garbage-first heap   total 210944K, used 190722K [0x0000000080000000, 0x0000000100000000)
  region size 1024K, 10 young (10240K), 2 survivors (2048K)
 Metaspace       used 114887K, capacity 119399K, committed 119688K, reserved 620544K
  class space    used 14955K, capacity 16725K, committed 16768K, reserved 516096K
}

